0 info it worked if it ends with ok
1 verbose cli [ 'C:\\Java\\nodejs\\node.exe',
1 verbose cli   'C:\\Java\\nodejs\\node_modules\\npm\\bin\\npm-cli.js',
1 verbose cli   'start' ]
2 info using npm@3.10.8
3 info using node@v6.9.1
4 verbose run-script [ 'prestart', 'start', 'poststart' ]
5 info lifecycle celerio-angular-quickstart@1.0.0-SNAPSHOT~prestart: celerio-angular-quickstart@1.0.0-SNAPSHOT
6 silly lifecycle celerio-angular-quickstart@1.0.0-SNAPSHOT~prestart: no script for prestart, continuing
7 info lifecycle celerio-angular-quickstart@1.0.0-SNAPSHOT~start: celerio-angular-quickstart@1.0.0-SNAPSHOT
8 verbose lifecycle celerio-angular-quickstart@1.0.0-SNAPSHOT~start: unsafe-perm in lifecycle true
9 verbose lifecycle celerio-angular-quickstart@1.0.0-SNAPSHOT~start: PATH: C:\Java\nodejs\node_modules\npm\bin\node-gyp-bin;C:\Java\js_work\cmdb-front-end\node_modules\.bin;C:\ProgramData\Oracle\Java\javapath;C:\Program Files (x86)\RSA SecurID Token Common;C:\Program Files\RSA SecurID Token Common;C:\Program Files\Common Files\Microsoft Shared\Microsoft Online Services;C:\Program Files (x86)\Common Files\Microsoft Shared\Microsoft Online Services;C:\WINDOWS\system32;C:\WINDOWS;C:\WINDOWS\System32\Wbem;C:\Program Files\cURL\bin;C:\Program Files\Git\cmd;C:\Program Files\MySQL\MySQL Utilities 1.6\;C:\WINDOWS\System32\WindowsPowerShell\v1.0\;C:\java\nodejs\;;C:\Program Files\Docker Toolbox;C:\Java\Microsoft VS Code\bin;C:\Users\Richard.Davis\AppData\Roaming\npm
10 verbose lifecycle celerio-angular-quickstart@1.0.0-SNAPSHOT~start: CWD: C:\Java\js_work\cmdb-front-end
11 silly lifecycle celerio-angular-quickstart@1.0.0-SNAPSHOT~start: Args: [ '/d /s /c',
11 silly lifecycle   'tsc && concurrently "npm run tsc:w" "npm run lite" ' ]
12 silly lifecycle celerio-angular-quickstart@1.0.0-SNAPSHOT~start: Returned: code: 3221225786  signal: null
13 info lifecycle celerio-angular-quickstart@1.0.0-SNAPSHOT~start: Failed to exec start script
14 verbose stack Error: celerio-angular-quickstart@1.0.0-SNAPSHOT start: `tsc && concurrently "npm run tsc:w" "npm run lite" `
14 verbose stack Exit status 3221225786
14 verbose stack     at EventEmitter.<anonymous> (C:\Java\nodejs\node_modules\npm\lib\utils\lifecycle.js:255:16)
14 verbose stack     at emitTwo (events.js:106:13)
14 verbose stack     at EventEmitter.emit (events.js:191:7)
14 verbose stack     at ChildProcess.<anonymous> (C:\Java\nodejs\node_modules\npm\lib\utils\spawn.js:40:14)
14 verbose stack     at emitTwo (events.js:106:13)
14 verbose stack     at ChildProcess.emit (events.js:191:7)
14 verbose stack     at maybeClose (internal/child_process.js:877:16)
14 verbose stack     at Process.ChildProcess._handle.onexit (internal/child_process.js:226:5)
15 verbose pkgid celerio-angular-quickstart@1.0.0-SNAPSHOT
16 verbose cwd C:\Java\js_work\cmdb-front-end
17 error Windows_NT 6.1.7601
18 error argv "C:\\Java\\nodejs\\node.exe" "C:\\Java\\nodejs\\node_modules\\npm\\bin\\npm-cli.js" "start"
19 error node v6.9.1
20 error npm  v3.10.8
21 error code ELIFECYCLE
22 error celerio-angular-quickstart@1.0.0-SNAPSHOT start: `tsc && concurrently "npm run tsc:w" "npm run lite" `
22 error Exit status 3221225786
23 error Failed at the celerio-angular-quickstart@1.0.0-SNAPSHOT start script 'tsc && concurrently "npm run tsc:w" "npm run lite" '.
23 error Make sure you have the latest version of node.js and npm installed.
23 error If you do, this is most likely a problem with the celerio-angular-quickstart package,
23 error not with npm itself.
23 error Tell the author that this fails on your system:
23 error     tsc && concurrently "npm run tsc:w" "npm run lite"
23 error You can get information on how to open an issue for this project with:
23 error     npm bugs celerio-angular-quickstart
23 error Or if that isn't available, you can get their info via:
23 error     npm owner ls celerio-angular-quickstart
23 error There is likely additional logging output above.
24 verbose exit [ 1, true ]
